Sun Sep 14 18:32:17 UTC 2025: Keep alive ping
Sun Sep 14 18:32:53 UTC 2025: Keep alive ping
Mon Sep 15 01:19:08 UTC 2025: Keep alive ping
Mon Sep 15 06:26:52 UTC 2025: Keep alive ping
Mon Sep 15 12:34:12 UTC 2025: Keep alive ping
Mon Sep 15 18:23:31 UTC 2025: Keep alive ping
Tue Sep 16 01:13:04 UTC 2025: Keep alive ping
Tue Sep 16 06:25:10 UTC 2025: Keep alive ping
Tue Sep 16 12:34:08 UTC 2025: Keep alive ping
Tue Sep 16 18:23:25 UTC 2025: Keep alive ping
Wed Sep 17 01:12:49 UTC 2025: Keep alive ping
Wed Sep 17 06:25:27 UTC 2025: Keep alive ping
Wed Sep 17 12:34:00 UTC 2025: Keep alive ping
Wed Sep 17 18:23:04 UTC 2025: Keep alive ping
Thu Sep 18 01:12:55 UTC 2025: Keep alive ping
Thu Sep 18 06:24:25 UTC 2025: Keep alive ping
Thu Sep 18 12:33:33 UTC 2025: Keep alive ping
Thu Sep 18 18:23:47 UTC 2025: Keep alive ping
Fri Sep 19 01:15:11 UTC 2025: Keep alive ping
Fri Sep 19 06:24:30 UTC 2025: Keep alive ping
Fri Sep 19 12:33:56 UTC 2025: Keep alive ping
Fri Sep 19 18:22:36 UTC 2025: Keep alive ping
Sat Sep 20 01:11:38 UTC 2025: Keep alive ping
Sat Sep 20 06:21:59 UTC 2025: Keep alive ping
Sat Sep 20 12:30:51 UTC 2025: Keep alive ping
Sat Sep 20 18:20:08 UTC 2025: Keep alive ping
Sun Sep 21 01:20:41 UTC 2025: Keep alive ping
Sun Sep 21 06:22:44 UTC 2025: Keep alive ping
Sun Sep 21 12:30:29 UTC 2025: Keep alive ping
Sun Sep 21 18:20:43 UTC 2025: Keep alive ping
Mon Sep 22 01:20:06 UTC 2025: Keep alive ping
Mon Sep 22 06:26:22 UTC 2025: Keep alive ping
Mon Sep 22 12:35:12 UTC 2025: Keep alive ping
Mon Sep 22 18:22:53 UTC 2025: Keep alive ping
Tue Sep 23 01:13:25 UTC 2025: Keep alive ping
Tue Sep 23 06:25:24 UTC 2025: Keep alive ping
Tue Sep 23 12:33:49 UTC 2025: Keep alive ping
